Analysis & Synthesis report for finalproject
Sat Dec 26 03:21:27 2020
Quartus Prime Version 18.1.0 Build 625 09/12/2018 SJ Lite Edition


---------------------
; Table of Contents ;
---------------------
  1. Legal Notice
  2. Analysis & Synthesis Summary
  3. Analysis & Synthesis Settings
  4. Parallel Compilation
  5. Analysis & Synthesis Source Files Read
  6. Analysis & Synthesis Resource Usage Summary
  7. Analysis & Synthesis Resource Utilization by Entity
  8. Analysis & Synthesis DSP Block Usage Summary
  9. Registers Removed During Synthesis
 10. General Register Statistics
 11. Inverted Register Statistics
 12. Multiplexer Restructuring Statistics (Restructuring Performed)
 13. Port Connectivity Checks: "clk_divide:spn"
 14. Port Connectivity Checks: "clk_divide:dot"
 15. Port Connectivity Checks: "clk_divide:div"
 16. Post-Synthesis Netlist Statistics for Top Partition
 17. Elapsed Time Per Partition
 18. Analysis & Synthesis Messages



----------------
; Legal Notice ;
----------------
Copyright (C) 2018  Intel Corporation. All rights reserved.
Your use of Intel Corporation's design tools, logic functions 
and other software and tools, and its AMPP partner logic 
functions, and any output files from any of the foregoing 
(including device programming or simulation files), and any 
associated documentation or information are expressly subject 
to the terms and conditions of the Intel Program License 
Subscription Agreement, the Intel Quartus Prime License Agreement,
the Intel FPGA IP License Agreement, or other applicable license
agreement, including, without limitation, that your use is for
the sole purpose of programming logic devices manufactured by
Intel and sold by Intel or its authorized distributors.  Please
refer to the applicable agreement for further details.



+-------------------------------------------------------------------------------+
; Analysis & Synthesis Summary                                                  ;
+---------------------------------+---------------------------------------------+
; Analysis & Synthesis Status     ; Successful - Sat Dec 26 03:21:27 2020       ;
; Quartus Prime Version           ; 18.1.0 Build 625 09/12/2018 SJ Lite Edition ;
; Revision Name                   ; finalproject                                ;
; Top-level Entity Name           ; finalproject                                ;
; Family                          ; Cyclone V                                   ;
; Logic utilization (in ALMs)     ; N/A                                         ;
; Total registers                 ; 670                                         ;
; Total pins                      ; 33                                          ;
; Total virtual pins              ; 0                                           ;
; Total block memory bits         ; 0                                           ;
; Total DSP Blocks                ; 1                                           ;
; Total HSSI RX PCSs              ; 0                                           ;
; Total HSSI PMA RX Deserializers ; 0                                           ;
; Total HSSI TX PCSs              ; 0                                           ;
; Total HSSI PMA TX Serializers   ; 0                                           ;
; Total PLLs                      ; 0                                           ;
; Total DLLs                      ; 0                                           ;
+---------------------------------+---------------------------------------------+


+---------------------------------------------------------------------------------------------------------------------------+
; Analysis & Synthesis Settings                                                                                             ;
+---------------------------------------------------------------------------------+--------------------+--------------------+
; Option                                                                          ; Setting            ; Default Value      ;
+---------------------------------------------------------------------------------+--------------------+--------------------+
; Device                                                                          ; 5CEBA4F23C7        ;                    ;
; Top-level entity name                                                           ; finalproject       ; finalproject       ;
; Family name                                                                     ; Cyclone V          ; Cyclone V          ;
; Use smart compilation                                                           ; Off                ; Off                ;
; Enable parallel Assembler and Timing Analyzer during compilation                ; On                 ; On                 ;
; Enable compact report table                                                     ; Off                ; Off                ;
; Restructure Multiplexers                                                        ; Auto               ; Auto               ;
; MLAB Add Timing Constraints For Mixed-Port Feed-Through Mode Setting Don't Care ; Off                ; Off                ;
; Create Debugging Nodes for IP Cores                                             ; Off                ; Off                ;
; Preserve fewer node names                                                       ; On                 ; On                 ;
; Intel FPGA IP Evaluation Mode                                                   ; Enable             ; Enable             ;
; Verilog Version                                                                 ; Verilog_2001       ; Verilog_2001       ;
; VHDL Version                                                                    ; VHDL_1993          ; VHDL_1993          ;
; State Machine Processing                                                        ; Auto               ; Auto               ;
; Safe State Machine                                                              ; Off                ; Off                ;
; Extract Verilog State Machines                                                  ; On                 ; On                 ;
; Extract VHDL State Machines                                                     ; On                 ; On                 ;
; Ignore Verilog initial constructs                                               ; Off                ; Off                ;
; Iteration limit for constant Verilog loops                                      ; 5000               ; 5000               ;
; Iteration limit for non-constant Verilog loops                                  ; 250                ; 250                ;
; Add Pass-Through Logic to Inferred RAMs                                         ; On                 ; On                 ;
; Infer RAMs from Raw Logic                                                       ; On                 ; On                 ;
; Parallel Synthesis                                                              ; On                 ; On                 ;
; DSP Block Balancing                                                             ; Auto               ; Auto               ;
; NOT Gate Push-Back                                                              ; On                 ; On                 ;
; Power-Up Don't Care                                                             ; On                 ; On                 ;
; Remove Redundant Logic Cells                                                    ; Off                ; Off                ;
; Remove Duplicate Registers                                                      ; On                 ; On                 ;
; Ignore CARRY Buffers                                                            ; Off                ; Off                ;
; Ignore CASCADE Buffers                                                          ; Off                ; Off                ;
; Ignore GLOBAL Buffers                                                           ; Off                ; Off                ;
; Ignore ROW GLOBAL Buffers                                                       ; Off                ; Off                ;
; Ignore LCELL Buffers                                                            ; Off                ; Off                ;
; Ignore SOFT Buffers                                                             ; On                 ; On                 ;
; Limit AHDL Integers to 32 Bits                                                  ; Off                ; Off                ;
; Optimization Technique                                                          ; Balanced           ; Balanced           ;
; Carry Chain Length                                                              ; 70                 ; 70                 ;
; Auto Carry Chains                                                               ; On                 ; On                 ;
; Auto Open-Drain Pins                                                            ; On                 ; On                 ;
; Perform WYSIWYG Primitive Resynthesis                                           ; Off                ; Off                ;
; Auto ROM Replacement                                                            ; On                 ; On                 ;
; Auto RAM Replacement                                                            ; On                 ; On                 ;
; Auto DSP Block Replacement                                                      ; On                 ; On                 ;
; Auto Shift Register Replacement                                                 ; Auto               ; Auto               ;
; Allow Shift Register Merging across Hierarchies                                 ; Auto               ; Auto               ;
; Auto Clock Enable Replacement                                                   ; On                 ; On                 ;
; Strict RAM Replacement                                                          ; Off                ; Off                ;
; Allow Synchronous Control Signals                                               ; On                 ; On                 ;
; Force Use of Synchronous Clear Signals                                          ; Off                ; Off                ;
; Auto Resource Sharing                                                           ; Off                ; Off                ;
; Allow Any RAM Size For Recognition                                              ; Off                ; Off                ;
; Allow Any ROM Size For Recognition                                              ; Off                ; Off                ;
; Allow Any Shift Register Size For Recognition                                   ; Off                ; Off                ;
; Use LogicLock Constraints during Resource Balancing                             ; On                 ; On                 ;
; Ignore translate_off and synthesis_off directives                               ; Off                ; Off                ;
; Timing-Driven Synthesis                                                         ; On                 ; On                 ;
; Report Parameter Settings                                                       ; On                 ; On                 ;
; Report Source Assignments                                                       ; On                 ; On                 ;
; Report Connectivity Checks                                                      ; On                 ; On                 ;
; Ignore Maximum Fan-Out Assignments                                              ; Off                ; Off                ;
; Synchronization Register Chain Length                                           ; 3                  ; 3                  ;
; Power Optimization During Synthesis                                             ; Normal compilation ; Normal compilation ;
; HDL message level                                                               ; Level2             ; Level2             ;
; Suppress Register Optimization Related Messages                                 ; Off                ; Off                ;
; Number of Removed Registers Reported in Synthesis Report                        ; 5000               ; 5000               ;
; Number of Swept Nodes Reported in Synthesis Report                              ; 5000               ; 5000               ;
; Number of Inverted Registers Reported in Synthesis Report                       ; 100                ; 100                ;
; Clock MUX Protection                                                            ; On                 ; On                 ;
; Auto Gated Clock Conversion                                                     ; Off                ; Off                ;
; Block Design Naming                                                             ; Auto               ; Auto               ;
; SDC constraint protection                                                       ; Off                ; Off                ;
; Synthesis Effort                                                                ; Auto               ; Auto               ;
; Shift Register Replacement - Allow Asynchronous Clear Signal                    ; On                 ; On                 ;
; Pre-Mapping Resynthesis Optimization                                            ; Off                ; Off                ;
; Analysis & Synthesis Message Level                                              ; Medium             ; Medium             ;
; Disable Register Merging Across Hierarchies                                     ; Auto               ; Auto               ;
; Resource Aware Inference For Block RAM                                          ; On                 ; On                 ;
; Automatic Parallel Synthesis                                                    ; On                 ; On                 ;
; Partial Reconfiguration Bitstream ID                                            ; Off                ; Off                ;
+---------------------------------------------------------------------------------+--------------------+--------------------+


+------------------------------------------+
; Parallel Compilation                     ;
+----------------------------+-------------+
; Processors                 ; Number      ;
+----------------------------+-------------+
; Number detected on machine ; 8           ;
; Maximum allowed            ; 4           ;
;                            ;             ;
; Average used               ; 1.00        ;
; Maximum used               ; 4           ;
;                            ;             ;
; Usage by Processor         ; % Time Used ;
;     Processor 1            ; 100.0%      ;
;     Processor 2            ;   0.0%      ;
;     Processor 3            ;   0.0%      ;
;     Processor 4            ;   0.0%      ;
+----------------------------+-------------+


+--------------------------------------------------------------------------------------------------------------------------------------------------------------------------+
; Analysis & Synthesis Source Files Read                                                                                                                                   ;
+----------------------------------+-----------------+------------------------+----------------------------------------------------------------------------------+---------+
; File Name with User-Entered Path ; Used in Netlist ; File Type              ; File Name with Absolute Path                                                     ; Library ;
+----------------------------------+-----------------+------------------------+----------------------------------------------------------------------------------+---------+
; finalproject.v                   ; yes             ; User Verilog HDL File  ; C:/Users/User/Desktop/fpga verilog hdl/final-project/finalproject/finalproject.v ;         ;
+----------------------------------+-----------------+------------------------+----------------------------------------------------------------------------------+---------+


+----------------------------------------------------------------------+
; Analysis & Synthesis Resource Usage Summary                          ;
+---------------------------------------------+------------------------+
; Resource                                    ; Usage                  ;
+---------------------------------------------+------------------------+
; Estimate of Logic utilization (ALMs needed) ; 507                    ;
;                                             ;                        ;
; Combinational ALUT usage for logic          ; 854                    ;
;     -- 7 input functions                    ; 0                      ;
;     -- 6 input functions                    ; 157                    ;
;     -- 5 input functions                    ; 3                      ;
;     -- 4 input functions                    ; 13                     ;
;     -- <=3 input functions                  ; 681                    ;
;                                             ;                        ;
; Dedicated logic registers                   ; 670                    ;
;                                             ;                        ;
; I/O pins                                    ; 33                     ;
;                                             ;                        ;
; Total DSP Blocks                            ; 1                      ;
;                                             ;                        ;
; Maximum fan-out node                        ; clk_divide:div|div_clk ;
; Maximum fan-out                             ; 545                    ;
; Total fan-out                               ; 4893                   ;
; Average fan-out                             ; 3.08                   ;
+---------------------------------------------+------------------------+


+--------------------------------------------------------------------------------------------------------------------------------------------------------------------------------------------------+
; Analysis & Synthesis Resource Utilization by Entity                                                                                                                                              ;
+----------------------------+---------------------+---------------------------+-------------------+------------+------+--------------+------------------------------+--------------+--------------+
; Compilation Hierarchy Node ; Combinational ALUTs ; Dedicated Logic Registers ; Block Memory Bits ; DSP Blocks ; Pins ; Virtual Pins ; Full Hierarchy Name          ; Entity Name  ; Library Name ;
+----------------------------+---------------------+---------------------------+-------------------+------------+------+--------------+------------------------------+--------------+--------------+
; |finalproject              ; 854 (731)           ; 670 (571)                 ; 0                 ; 1          ; 33   ; 0            ; |finalproject                ; finalproject ; work         ;
;    |clk_divide:div|        ; 41 (41)             ; 33 (33)                   ; 0                 ; 0          ; 0    ; 0            ; |finalproject|clk_divide:div ; clk_divide   ; work         ;
;    |clk_divide:dot|        ; 41 (41)             ; 33 (33)                   ; 0                 ; 0          ; 0    ; 0            ; |finalproject|clk_divide:dot ; clk_divide   ; work         ;
;    |clk_divide:spn|        ; 41 (41)             ; 33 (33)                   ; 0                 ; 0          ; 0    ; 0            ; |finalproject|clk_divide:spn ; clk_divide   ; work         ;
+----------------------------+---------------------+---------------------------+-------------------+------------+------+--------------+------------------------------+--------------+--------------+
Note: For table entries with two numbers listed, the numbers in parentheses indicate the number of resources of the given type used by the specific entity alone. The numbers listed outside of parentheses indicate the total resources of the given type used by the specific entity and all of its sub-entities in the hierarchy.


+-----------------------------------------------+
; Analysis & Synthesis DSP Block Usage Summary  ;
+---------------------------------+-------------+
; Statistic                       ; Number Used ;
+---------------------------------+-------------+
; Independent 9x9                 ; 1           ;
; Total number of DSP blocks      ; 1           ;
;                                 ;             ;
; Fixed Point Unsigned Multiplier ; 1           ;
+---------------------------------+-------------+


+------------------------------------------------------------------------+
; Registers Removed During Synthesis                                     ;
+----------------------------------------+-------------------------------+
; Register name                          ; Reason for Removal            ;
+----------------------------------------+-------------------------------+
; dot_col_buf[0][1]                      ; Merged with dot_col_buf[0][0] ;
; dot_col_buf[1][0]                      ; Merged with dot_col_buf[0][0] ;
; dot_col_buf[1][1]                      ; Merged with dot_col_buf[0][0] ;
; dot_col_buf[2][1]                      ; Merged with dot_col_buf[2][0] ;
; dot_col_buf[3][0]                      ; Merged with dot_col_buf[2][0] ;
; dot_col_buf[3][1]                      ; Merged with dot_col_buf[2][0] ;
; dot_col_buf[4][1]                      ; Merged with dot_col_buf[4][0] ;
; dot_col_buf[5][0]                      ; Merged with dot_col_buf[4][0] ;
; dot_col_buf[5][1]                      ; Merged with dot_col_buf[4][0] ;
; dot_col_buf[6][1]                      ; Merged with dot_col_buf[6][0] ;
; dot_col_buf[7][0]                      ; Merged with dot_col_buf[6][0] ;
; dot_col_buf[7][1]                      ; Merged with dot_col_buf[6][0] ;
; dot_col_buf[0][3]                      ; Merged with dot_col_buf[0][2] ;
; dot_col_buf[1][2]                      ; Merged with dot_col_buf[0][2] ;
; dot_col_buf[1][3]                      ; Merged with dot_col_buf[0][2] ;
; dot_col_buf[2][3]                      ; Merged with dot_col_buf[2][2] ;
; dot_col_buf[3][2]                      ; Merged with dot_col_buf[2][2] ;
; dot_col_buf[3][3]                      ; Merged with dot_col_buf[2][2] ;
; dot_col_buf[4][3]                      ; Merged with dot_col_buf[4][2] ;
; dot_col_buf[5][2]                      ; Merged with dot_col_buf[4][2] ;
; dot_col_buf[5][3]                      ; Merged with dot_col_buf[4][2] ;
; dot_col_buf[6][3]                      ; Merged with dot_col_buf[6][2] ;
; dot_col_buf[7][2]                      ; Merged with dot_col_buf[6][2] ;
; dot_col_buf[7][3]                      ; Merged with dot_col_buf[6][2] ;
; dot_col_buf[0][5]                      ; Merged with dot_col_buf[0][4] ;
; dot_col_buf[1][4]                      ; Merged with dot_col_buf[0][4] ;
; dot_col_buf[1][5]                      ; Merged with dot_col_buf[0][4] ;
; dot_col_buf[2][5]                      ; Merged with dot_col_buf[2][4] ;
; dot_col_buf[3][4]                      ; Merged with dot_col_buf[2][4] ;
; dot_col_buf[3][5]                      ; Merged with dot_col_buf[2][4] ;
; dot_col_buf[4][5]                      ; Merged with dot_col_buf[4][4] ;
; dot_col_buf[5][4]                      ; Merged with dot_col_buf[4][4] ;
; dot_col_buf[5][5]                      ; Merged with dot_col_buf[4][4] ;
; dot_col_buf[6][5]                      ; Merged with dot_col_buf[6][4] ;
; dot_col_buf[7][4]                      ; Merged with dot_col_buf[6][4] ;
; dot_col_buf[7][5]                      ; Merged with dot_col_buf[6][4] ;
; dot_col_buf[0][7]                      ; Merged with dot_col_buf[0][6] ;
; dot_col_buf[1][6]                      ; Merged with dot_col_buf[0][6] ;
; dot_col_buf[1][7]                      ; Merged with dot_col_buf[0][6] ;
; dot_col_buf[2][7]                      ; Merged with dot_col_buf[2][6] ;
; dot_col_buf[3][6]                      ; Merged with dot_col_buf[2][6] ;
; dot_col_buf[3][7]                      ; Merged with dot_col_buf[2][6] ;
; dot_col_buf[4][7]                      ; Merged with dot_col_buf[4][6] ;
; dot_col_buf[5][6]                      ; Merged with dot_col_buf[4][6] ;
; dot_col_buf[5][7]                      ; Merged with dot_col_buf[4][6] ;
; dot_col_buf[6][7]                      ; Merged with dot_col_buf[6][6] ;
; dot_col_buf[7][6]                      ; Merged with dot_col_buf[6][6] ;
; dot_col_buf[7][7]                      ; Merged with dot_col_buf[6][6] ;
; Total Number of Removed Registers = 48 ;                               ;
+----------------------------------------+-------------------------------+


+------------------------------------------------------+
; General Register Statistics                          ;
+----------------------------------------------+-------+
; Statistic                                    ; Value ;
+----------------------------------------------+-------+
; Total registers                              ; 670   ;
; Number of registers using Synchronous Clear  ; 611   ;
; Number of registers using Synchronous Load   ; 0     ;
; Number of registers using Asynchronous Clear ; 43    ;
; Number of registers using Asynchronous Load  ; 0     ;
; Number of registers using Clock Enable       ; 528   ;
; Number of registers using Preset             ; 0     ;
+----------------------------------------------+-------+


+--------------------------------------------------+
; Inverted Register Statistics                     ;
+----------------------------------------+---------+
; Inverted Register                      ; Fan out ;
+----------------------------------------+---------+
; rnd_seq[0]                             ; 1       ;
; Total number of inverted registers = 1 ;         ;
+----------------------------------------+---------+


+------------------------------------------------------------------------------------------------------------------------------------------------------+
; Multiplexer Restructuring Statistics (Restructuring Performed)                                                                                       ;
+--------------------+-----------+---------------+----------------------+------------------------+------------+----------------------------------------+
; Multiplexer Inputs ; Bus Width ; Baseline Area ; Area if Restructured ; Saving if Restructured ; Registered ; Example Multiplexer Output             ;
+--------------------+-----------+---------------+----------------------+------------------------+------------+----------------------------------------+
; 3:1                ; 32 bits   ; 64 LEs        ; 0 LEs                ; 64 LEs                 ; Yes        ; |finalproject|clk_divide:dot|count[12] ;
; 3:1                ; 32 bits   ; 64 LEs        ; 0 LEs                ; 64 LEs                 ; Yes        ; |finalproject|clk_divide:spn|count[14] ;
; 3:1                ; 32 bits   ; 64 LEs        ; 0 LEs                ; 64 LEs                 ; Yes        ; |finalproject|clk_divide:div|count[12] ;
; 4:1                ; 4 bits    ; 8 LEs         ; 8 LEs                ; 0 LEs                  ; No         ; |finalproject|Mux7                     ;
+--------------------+-----------+---------------+----------------------+------------------------+------------+----------------------------------------+


+-----------------------------------------------------+
; Port Connectivity Checks: "clk_divide:spn"          ;
+-------------------+-------+----------+--------------+
; Port              ; Type  ; Severity ; Details      ;
+-------------------+-------+----------+--------------+
; frequency[22..18] ; Input ; Info     ; Stuck at VCC ;
; frequency[14..11] ; Input ; Info     ; Stuck at VCC ;
; frequency[31..25] ; Input ; Info     ; Stuck at GND ;
; frequency[10..7]  ; Input ; Info     ; Stuck at GND ;
; frequency[5..0]   ; Input ; Info     ; Stuck at GND ;
; frequency[24]     ; Input ; Info     ; Stuck at VCC ;
; frequency[23]     ; Input ; Info     ; Stuck at GND ;
; frequency[17]     ; Input ; Info     ; Stuck at GND ;
; frequency[16]     ; Input ; Info     ; Stuck at VCC ;
; frequency[15]     ; Input ; Info     ; Stuck at GND ;
; frequency[6]      ; Input ; Info     ; Stuck at VCC ;
+-------------------+-------+----------+--------------+


+-----------------------------------------------------+
; Port Connectivity Checks: "clk_divide:dot"          ;
+-------------------+-------+----------+--------------+
; Port              ; Type  ; Severity ; Details      ;
+-------------------+-------+----------+--------------+
; frequency[9..7]   ; Input ; Info     ; Stuck at VCC ;
; frequency[31..13] ; Input ; Info     ; Stuck at GND ;
; frequency[11..10] ; Input ; Info     ; Stuck at GND ;
; frequency[6..4]   ; Input ; Info     ; Stuck at GND ;
; frequency[2..0]   ; Input ; Info     ; Stuck at GND ;
; frequency[12]     ; Input ; Info     ; Stuck at VCC ;
; frequency[3]      ; Input ; Info     ; Stuck at VCC ;
+-------------------+-------+----------+--------------+


+-----------------------------------------------------+
; Port Connectivity Checks: "clk_divide:div"          ;
+-------------------+-------+----------+--------------+
; Port              ; Type  ; Severity ; Details      ;
+-------------------+-------+----------+--------------+
; frequency[17..14] ; Input ; Info     ; Stuck at VCC ;
; frequency[31..18] ; Input ; Info     ; Stuck at GND ;
; frequency[11..8]  ; Input ; Info     ; Stuck at GND ;
; frequency[6..5]   ; Input ; Info     ; Stuck at GND ;
; frequency[3..0]   ; Input ; Info     ; Stuck at GND ;
; frequency[13]     ; Input ; Info     ; Stuck at GND ;
; frequency[12]     ; Input ; Info     ; Stuck at VCC ;
; frequency[7]      ; Input ; Info     ; Stuck at VCC ;
; frequency[4]      ; Input ; Info     ; Stuck at VCC ;
+-------------------+-------+----------+--------------+


+-----------------------------------------------------+
; Post-Synthesis Netlist Statistics for Top Partition ;
+-----------------------+-----------------------------+
; Type                  ; Count                       ;
+-----------------------+-----------------------------+
; arriav_ff             ; 670                         ;
;     CLR               ; 43                          ;
;     ENA               ; 16                          ;
;     ENA SCLR          ; 512                         ;
;     SCLR              ; 99                          ;
; arriav_lcell_comb     ; 856                         ;
;     arith             ; 608                         ;
;         1 data inputs ; 608                         ;
;     normal            ; 248                         ;
;         0 data inputs ; 1                           ;
;         1 data inputs ; 3                           ;
;         2 data inputs ; 59                          ;
;         3 data inputs ; 12                          ;
;         4 data inputs ; 13                          ;
;         5 data inputs ; 3                           ;
;         6 data inputs ; 157                         ;
; arriav_mac            ; 1                           ;
; boundary_port         ; 33                          ;
;                       ;                             ;
; Max LUT depth         ; 5.00                        ;
; Average LUT depth     ; 3.63                        ;
+-----------------------+-----------------------------+


+-------------------------------+
; Elapsed Time Per Partition    ;
+----------------+--------------+
; Partition Name ; Elapsed Time ;
+----------------+--------------+
; Top            ; 00:00:00     ;
+----------------+--------------+


+-------------------------------+
; Analysis & Synthesis Messages ;
+-------------------------------+
Info: *******************************************************************
Info: Running Quartus Prime Analysis & Synthesis
    Info: Version 18.1.0 Build 625 09/12/2018 SJ Lite Edition
    Info: Processing started: Sat Dec 26 03:21:16 2020
Info: Command: quartus_map --read_settings_files=on --write_settings_files=off finalproject -c finalproject
Warning (18236): Number of processors has not been specified which may cause overloading on shared machines.  Set the global assignment NUM_PARALLEL_PROCESSORS in your QSF to an appropriate value for best performance.
Info (20030): Parallel compilation is enabled and will use 4 of the 4 processors detected
Info (12021): Found 2 design units, including 2 entities, in source file finalproject.v
    Info (12023): Found entity 1: finalproject File: C:/Users/User/Desktop/fpga verilog hdl/final-project/finalproject/finalproject.v Line: 1
    Info (12023): Found entity 2: clk_divide File: C:/Users/User/Desktop/fpga verilog hdl/final-project/finalproject/finalproject.v Line: 294
Info (12127): Elaborating entity "finalproject" for the top level hierarchy
Warning (10230): Verilog HDL assignment warning at finalproject.v(52): truncated value with size 32 to match size of target (3) File: C:/Users/User/Desktop/fpga verilog hdl/final-project/finalproject/finalproject.v Line: 52
Warning (10034): Output port "keypad_row" at finalproject.v(3) has no driver File: C:/Users/User/Desktop/fpga verilog hdl/final-project/finalproject/finalproject.v Line: 3
Info (12128): Elaborating entity "clk_divide" for hierarchy "clk_divide:div" File: C:/Users/User/Desktop/fpga verilog hdl/final-project/finalproject/finalproject.v Line: 14
Warning (13024): Output pins are stuck at VCC or GND
    Warning (13410): Pin "keypad_row[0]" is stuck at GND File: C:/Users/User/Desktop/fpga verilog hdl/final-project/finalproject/finalproject.v Line: 3
    Warning (13410): Pin "keypad_row[1]" is stuck at GND File: C:/Users/User/Desktop/fpga verilog hdl/final-project/finalproject/finalproject.v Line: 3
    Warning (13410): Pin "keypad_row[2]" is stuck at GND File: C:/Users/User/Desktop/fpga verilog hdl/final-project/finalproject/finalproject.v Line: 3
    Warning (13410): Pin "keypad_row[3]" is stuck at GND File: C:/Users/User/Desktop/fpga verilog hdl/final-project/finalproject/finalproject.v Line: 3
Info (286030): Timing-Driven Synthesis is running
Info (16010): Generating hard_block partition "hard_block:auto_generated_inst"
    Info (16011): Adding 0 node(s), including 0 DDIO, 0 PLL, 0 transceiver and 0 LCELL
Warning (21074): Design contains 4 input pin(s) that do not drive logic
    Warning (15610): No output dependent on input pin "keypad_col[0]" File: C:/Users/User/Desktop/fpga verilog hdl/final-project/finalproject/finalproject.v Line: 4
    Warning (15610): No output dependent on input pin "keypad_col[1]" File: C:/Users/User/Desktop/fpga verilog hdl/final-project/finalproject/finalproject.v Line: 4
    Warning (15610): No output dependent on input pin "keypad_col[2]" File: C:/Users/User/Desktop/fpga verilog hdl/final-project/finalproject/finalproject.v Line: 4
    Warning (15610): No output dependent on input pin "keypad_col[3]" File: C:/Users/User/Desktop/fpga verilog hdl/final-project/finalproject/finalproject.v Line: 4
Info (21057): Implemented 902 device resources after synthesis - the final resource count might be different
    Info (21058): Implemented 6 input pins
    Info (21059): Implemented 27 output pins
    Info (21061): Implemented 868 logic cells
    Info (21062): Implemented 1 DSP elements
Info: Quartus Prime Analysis & Synthesis was successful. 0 errors, 13 warnings
    Info: Peak virtual memory: 4857 megabytes
    Info: Processing ended: Sat Dec 26 03:21:27 2020
    Info: Elapsed time: 00:00:11
    Info: Total CPU time (on all processors): 00:00:25


